<?xml version="1.0" encoding="UTF-8"?>
<!-- Generated by org.testng.reporters.JUnitReportReporter -->
<testsuite hostname="HP" failures="0" tests="1" name="Reporting_Tools.Log1" time="0.047" errors="0" timestamp="2023-06-27T22:38:08 IST" skipped="0">
  <testcase classname="Reporting_Tools.Log1" name="test1" time="0.047"/>
</testsuite> <!-- Reporting_Tools.Log1 -->
