<?xml version="1.0" encoding="UTF-8"?>
<!-- Generated by org.testng.reporters.JUnitReportReporter -->
<testsuite hostname="HP" failures="0" tests="1" name="Reporting_Tools.Exte" time="0.944" errors="0" timestamp="2023-06-27T10:40:23 IST" skipped="0">
  <testcase classname="Reporting_Tools.Exte" name="test" time="0.944"/>
</testsuite> <!-- Reporting_Tools.Exte -->
