<?xml version="1.0" encoding="UTF-8"?>
<!-- Generated by org.testng.reporters.JUnitReportReporter -->
<testsuite hostname="HP" failures="0" tests="2" name="Generic_Scripts.dataprov" time="17.232" errors="0" timestamp="2023-07-04T17:21:13 IST" skipped="0">
  <testcase classname="Generic_Scripts.dataprov" name="validTest" time="11.844"/>
  <testcase classname="Generic_Scripts.dataprov" name="validTest" time="5.388"/>
</testsuite> <!-- Generic_Scripts.dataprov -->
