<?xml version="1.0" encoding="UTF-8"?>
<!-- Generated by org.testng.reporters.JUnitReportReporter -->
<testsuite hostname="HP" failures="0" tests="1" name="Reporting_Tools.Log2" time="0.108" errors="0" timestamp="2023-06-27T22:40:45 IST" skipped="0">
  <testcase classname="Reporting_Tools.Log2" name="test2" time="0.108"/>
</testsuite> <!-- Reporting_Tools.Log2 -->
