<?xml version="1.0" encoding="UTF-8"?>
<!-- Generated by org.testng.reporters.JUnitReportReporter -->
<testsuite hostname="HP" failures="0" tests="1" name="Runner_Scripts.ParallelExec" time="0.018" errors="0" timestamp="2023-07-02T19:32:31 IST" skipped="0">
  <testcase classname="Runner_Scripts.ParallelExec" name="exe" time="0.018"/>
</testsuite> <!-- Runner_Scripts.ParallelExec -->
